<?xml version="1.0" encoding="UTF-8"?>
<!-- Generated by org.testng.reporters.JUnitReportReporter -->
<testsuite hostname="V-Nour-Laptop" failures="0" tests="3" name="Tests.HomePgaeTests" time="31.489" errors="0" timestamp="2023-05-06T16:33:38 EET" skipped="0">
  <testcase classname="Tests.HomePgaeTests" name="verifyValidBirthdateData" time="11.220"/>
  <system-out/>
  <testcase classname="Tests.HomePgaeTests" name="verifyLessThanEighteenBirthdateData" time="10.670"/>
  <system-out/>
  <testcase classname="Tests.HomePgaeTests" name="verifyinvalidBirthdateDay" time="9.599"/>
  <system-out/>
</testsuite> <!-- Tests.HomePgaeTests -->
